c:\users\sujay.shah\desktop\dryengine\debug\controller.obj
c:\users\sujay.shah\desktop\dryengine\debug\updown.obj
c:\users\sujay.shah\desktop\dryengine\debug\matrix2d.obj
c:\users\sujay.shah\desktop\dryengine\debug\enemyspawner.obj
c:\users\sujay.shah\desktop\dryengine\debug\resourcemanager.obj
c:\users\sujay.shah\desktop\dryengine\debug\wraparound.obj
c:\users\sujay.shah\desktop\dryengine\debug\asteroidspawner.obj
c:\users\sujay.shah\desktop\dryengine\debug\physicsmanager.obj
c:\users\sujay.shah\desktop\dryengine\debug\wrapdestroy.obj
c:\users\sujay.shah\desktop\dryengine\debug\body.obj
c:\users\sujay.shah\desktop\dryengine\debug\sprite.obj
c:\users\sujay.shah\desktop\dryengine\debug\missile.obj
c:\users\sujay.shah\desktop\dryengine\debug\shader.obj
c:\users\sujay.shah\desktop\dryengine\debug\inputmanager.obj
c:\users\sujay.shah\desktop\dryengine\debug\main.obj
c:\users\sujay.shah\desktop\dryengine\debug\component.obj
c:\users\sujay.shah\desktop\dryengine\debug\gameobject.obj
c:\users\sujay.shah\desktop\dryengine\debug\rendermanager.obj
c:\users\sujay.shah\desktop\dryengine\debug\collisionmanager.obj
c:\users\sujay.shah\desktop\dryengine\debug\objectfactory.obj
c:\users\sujay.shah\desktop\dryengine\debug\math2d.obj
c:\users\sujay.shah\desktop\dryengine\debug\eventmanager.obj
c:\users\sujay.shah\desktop\dryengine\debug\frameratecontroller.obj
c:\users\sujay.shah\desktop\dryengine\debug\gameobjectmanager.obj
c:\users\sujay.shah\desktop\dryengine\debug\transform.obj
c:\users\sujay.shah\desktop\dryengine\debug\vector2d.obj
c:\users\sujay.shah\desktop\dryengine\debug\vc140.pdb
c:\users\sujay.shah\desktop\dryengine\debug\vc140.idb
c:\users\sujay.shah\desktop\dryengine\debug\dryengine.ilk
c:\users\sujay.shah\desktop\dryengine\debug\dryengine.exe
c:\users\sujay.shah\desktop\dryengine\debug\dryengine.pdb
c:\users\2j\desktop\git\dryengine\dryengine\debug\asteroidspawner.obj
c:\users\2j\desktop\git\dryengine\dryengine\debug\body.obj
c:\users\2j\desktop\git\dryengine\dryengine\debug\collisionmanager.obj
c:\users\2j\desktop\git\dryengine\dryengine\debug\component.obj
c:\users\2j\desktop\git\dryengine\dryengine\debug\controller.obj
c:\users\2j\desktop\git\dryengine\dryengine\debug\enemyspawner.obj
c:\users\2j\desktop\git\dryengine\dryengine\debug\eventmanager.obj
c:\users\2j\desktop\git\dryengine\dryengine\debug\frameratecontroller.obj
c:\users\2j\desktop\git\dryengine\dryengine\debug\gameobject.obj
c:\users\2j\desktop\git\dryengine\dryengine\debug\gameobjectmanager.obj
c:\users\2j\desktop\git\dryengine\dryengine\debug\inputmanager.obj
c:\users\2j\desktop\git\dryengine\dryengine\debug\main.obj
c:\users\2j\desktop\git\dryengine\dryengine\debug\math2d.obj
c:\users\2j\desktop\git\dryengine\dryengine\debug\matrix2d.obj
c:\users\2j\desktop\git\dryengine\dryengine\debug\missile.obj
c:\users\2j\desktop\git\dryengine\dryengine\debug\objectfactory.obj
c:\users\2j\desktop\git\dryengine\dryengine\debug\physicsmanager.obj
c:\users\2j\desktop\git\dryengine\dryengine\debug\rendermanager.obj
c:\users\2j\desktop\git\dryengine\dryengine\debug\resourcemanager.obj
c:\users\2j\desktop\git\dryengine\dryengine\debug\shader.obj
c:\users\2j\desktop\git\dryengine\dryengine\debug\sprite.obj
c:\users\2j\desktop\git\dryengine\dryengine\debug\transform.obj
c:\users\2j\desktop\git\dryengine\dryengine\debug\updown.obj
c:\users\2j\desktop\git\dryengine\dryengine\debug\vector2d.obj
c:\users\2j\desktop\git\dryengine\dryengine\debug\wraparound.obj
c:\users\2j\desktop\git\dryengine\dryengine\debug\wrapdestroy.obj
c:\users\2j\desktop\git\dryengine\dryengine\debug\dryengine.ilk
c:\users\2j\desktop\git\dryengine\dryengine\debug\vc140.idb
c:\users\2j\desktop\git\dryengine\dryengine\debug\dryengine.pdb
c:\users\2j\desktop\git\dryengine\dryengine\debug\vc140.pdb
c:\users\2j\desktop\git\dryengine\dryengine\debug\dryengine.exe
c:\users\2j\desktop\git\dryengine\dryengine\debug\dryengine.tlog\cl.command.1.tlog
c:\users\2j\desktop\git\dryengine\dryengine\debug\dryengine.tlog\cl.read.1.tlog
c:\users\2j\desktop\git\dryengine\dryengine\debug\dryengine.tlog\cl.write.1.tlog
c:\users\2j\desktop\git\dryengine\dryengine\debug\dryengine.tlog\link.command.1.tlog
c:\users\2j\desktop\git\dryengine\dryengine\debug\dryengine.tlog\link.read.1.tlog
c:\users\2j\desktop\git\dryengine\dryengine\debug\dryengine.tlog\link.write.1.tlog
