c:\users\sujay.shah\desktop\dryengine\release\collisionmanager.obj
c:\users\sujay.shah\desktop\dryengine\release\objectfactory.obj
c:\users\sujay.shah\desktop\dryengine\release\vector2d.obj
c:\users\sujay.shah\desktop\dryengine\release\component.obj
c:\users\sujay.shah\desktop\dryengine\release\gameobjectmanager.obj
c:\users\sujay.shah\desktop\dryengine\release\physicsmanager.obj
c:\users\sujay.shah\desktop\dryengine\release\wrapdestroy.obj
c:\users\sujay.shah\desktop\dryengine\release\body.obj
c:\users\sujay.shah\desktop\dryengine\release\sprite.obj
c:\users\sujay.shah\desktop\dryengine\release\missile.obj
c:\users\sujay.shah\desktop\dryengine\release\controller.obj
c:\users\sujay.shah\desktop\dryengine\release\updown.obj
c:\users\sujay.shah\desktop\dryengine\release\math2d.obj
c:\users\sujay.shah\desktop\dryengine\release\eventmanager.obj
c:\users\sujay.shah\desktop\dryengine\release\frameratecontroller.obj
c:\users\sujay.shah\desktop\dryengine\release\gameobject.obj
c:\users\sujay.shah\desktop\dryengine\release\rendermanager.obj
c:\users\sujay.shah\desktop\dryengine\release\asteroidspawner.obj
c:\users\sujay.shah\desktop\dryengine\release\transform.obj
c:\users\sujay.shah\desktop\dryengine\release\matrix2d.obj
c:\users\sujay.shah\desktop\dryengine\release\enemyspawner.obj
c:\users\sujay.shah\desktop\dryengine\release\resourcemanager.obj
c:\users\sujay.shah\desktop\dryengine\release\wraparound.obj
c:\users\sujay.shah\desktop\dryengine\release\shader.obj
c:\users\sujay.shah\desktop\dryengine\release\inputmanager.obj
c:\users\sujay.shah\desktop\dryengine\release\main.obj
c:\users\sujay.shah\desktop\dryengine\release\vc140.pdb
c:\users\sujay.shah\desktop\dryengine\release\dryengine.exe
c:\users\sujay.shah\desktop\dryengine\release\dryengine.ipdb
c:\users\sujay.shah\desktop\dryengine\release\dryengine.iobj
c:\users\sujay.shah\desktop\dryengine\release\dryengine.pdb
c:\users\2j\desktop\git\dryengine\dryengine\release\asteroidspawner.obj
c:\users\2j\desktop\git\dryengine\dryengine\release\body.obj
c:\users\2j\desktop\git\dryengine\dryengine\release\collisionmanager.obj
c:\users\2j\desktop\git\dryengine\dryengine\release\component.obj
c:\users\2j\desktop\git\dryengine\dryengine\release\controller.obj
c:\users\2j\desktop\git\dryengine\dryengine\release\enemyspawner.obj
c:\users\2j\desktop\git\dryengine\dryengine\release\eventmanager.obj
c:\users\2j\desktop\git\dryengine\dryengine\release\frameratecontroller.obj
c:\users\2j\desktop\git\dryengine\dryengine\release\gameobject.obj
c:\users\2j\desktop\git\dryengine\dryengine\release\gameobjectmanager.obj
c:\users\2j\desktop\git\dryengine\dryengine\release\inputmanager.obj
c:\users\2j\desktop\git\dryengine\dryengine\release\main.obj
c:\users\2j\desktop\git\dryengine\dryengine\release\math2d.obj
c:\users\2j\desktop\git\dryengine\dryengine\release\matrix2d.obj
c:\users\2j\desktop\git\dryengine\dryengine\release\missile.obj
c:\users\2j\desktop\git\dryengine\dryengine\release\objectfactory.obj
c:\users\2j\desktop\git\dryengine\dryengine\release\physicsmanager.obj
c:\users\2j\desktop\git\dryengine\dryengine\release\rendermanager.obj
c:\users\2j\desktop\git\dryengine\dryengine\release\resourcemanager.obj
c:\users\2j\desktop\git\dryengine\dryengine\release\shader.obj
c:\users\2j\desktop\git\dryengine\dryengine\release\sprite.obj
c:\users\2j\desktop\git\dryengine\dryengine\release\transform.obj
c:\users\2j\desktop\git\dryengine\dryengine\release\updown.obj
c:\users\2j\desktop\git\dryengine\dryengine\release\vector2d.obj
c:\users\2j\desktop\git\dryengine\dryengine\release\wraparound.obj
c:\users\2j\desktop\git\dryengine\dryengine\release\wrapdestroy.obj
c:\users\2j\desktop\git\dryengine\dryengine\release\dryengine.ipdb
c:\users\2j\desktop\git\dryengine\dryengine\release\dryengine.iobj
c:\users\2j\desktop\git\dryengine\dryengine\release\dryengine.pdb
c:\users\2j\desktop\git\dryengine\dryengine\release\vc140.pdb
c:\users\2j\desktop\git\dryengine\dryengine\release\dryengine.exe
c:\users\2j\desktop\git\dryengine\dryengine\release\dryengine.tlog\cl.command.1.tlog
c:\users\2j\desktop\git\dryengine\dryengine\release\dryengine.tlog\cl.read.1.tlog
c:\users\2j\desktop\git\dryengine\dryengine\release\dryengine.tlog\cl.write.1.tlog
c:\users\2j\desktop\git\dryengine\dryengine\release\dryengine.tlog\link.command.1.tlog
c:\users\2j\desktop\git\dryengine\dryengine\release\dryengine.tlog\link.read.1.tlog
c:\users\2j\desktop\git\dryengine\dryengine\release\dryengine.tlog\link.write.1.tlog
